# JRE version: OpenJDK Runtime Environment (8.0_242) (build 1.8.0_242-release-1644-b3-6222593)
# Java VM: OpenJDK 64-Bit Server VM (25.242-b3-6222593 mixed mode linux-amd64 compressed oops)
Heap:
 PSYoungGen      total 301056K, used 0K [0x00000000e0000000, 0x00000000fb600000, 0x0000000100000000)
  eden space 268288K, 0% used [0x00000000e0000000,0x00000000e0000000,0x00000000f0600000)
  from space 32768K, 0% used [0x00000000f0600000,0x00000000f0600000,0x00000000f2600000)
  to   space 58368K, 0% used [0x00000000f7d00000,0x00000000f7d00000,0x00000000fb600000)
 ParOldGen       total 139776K, used 138310K [0x00000000a0000000, 0x00000000a8880000, 0x00000000e0000000)
  object space 139776K, 98% used [0x00000000a0000000,0x00000000a87118e0,0x00000000a8880000)
 Metaspace       used 94976K, capacity 98222K, committed 98584K, reserved 1134592K
  class space    used 12299K, capacity 12986K, committed 13104K, reserved 1048576K
GC Heap History (10 events):
Event: 10.634 GC heap after
Heap after GC invocations=14 (full 3):
 PSYoungGen      total 217600K, used 18893K [0x00000000e0000000, 0x00000000f1580000, 0x0000000100000000)
  eden space 195584K, 0% used [0x00000000e0000000,0x00000000e0000000,0x00000000ebf00000)
  from space 22016K, 85% used [0x00000000ebf00000,0x00000000ed1737c0,0x00000000ed480000)
  to   space 24064K, 0% used [0x00000000efe00000,0x00000000efe00000,0x00000000f1580000)
 ParOldGen       total 139776K, used 36451K [0x00000000a0000000, 0x00000000a8880000, 0x00000000e0000000)
  object space 139776K, 26% used [0x00000000a0000000,0x00000000a2398f20,0x00000000a8880000)
 Metaspace       used 64082K, capacity 66650K, committed 66840K, reserved 1107968K
  class space    used 8719K, capacity 9262K, committed 9264K, reserved 1048576K
}
Event: 12.438 GC heap before
{Heap before GC invocations=15 (full 3):
 PSYoungGen      total 217600K, used 214477K [0x00000000e0000000, 0x00000000f1580000, 0x0000000100000000)
  eden space 195584K, 100% used [0x00000000e0000000,0x00000000ebf00000,0x00000000ebf00000)
  from space 22016K, 85% used [0x00000000ebf00000,0x00000000ed1737c0,0x00000000ed480000)
  to   space 24064K, 0% used [0x00000000efe00000,0x00000000efe00000,0x00000000f1580000)
 ParOldGen       total 139776K, used 36451K [0x00000000a0000000, 0x00000000a8880000, 0x00000000e0000000)
  object space 139776K, 26% used [0x00000000a0000000,0x00000000a2398f20,0x00000000a8880000)
 Metaspace       used 70158K, capacity 73030K, committed 73112K, reserved 1112064K
  class space    used 9515K, capacity 10114K, committed 10160K, reserved 1048576K
Event: 12.464 GC heap after
Heap after GC invocations=15 (full 3):
 PSYoungGen      total 256512K, used 24057K [0x00000000e0000000, 0x00000000f1b00000, 0x0000000100000000)
  eden space 232448K, 0% used [0x00000000e0000000,0x00000000e0000000,0x00000000ee300000)
  from space 24064K, 99% used [0x00000000efe00000,0x00000000f157e6c0,0x00000000f1580000)
  to   space 27648K, 0% used [0x00000000ee300000,0x00000000ee300000,0x00000000efe00000)
 ParOldGen       total 139776K, used 37648K [0x00000000a0000000, 0x00000000a8880000, 0x00000000e0000000)
  object space 139776K, 26% used [0x00000000a0000000,0x00000000a24c41b8,0x00000000a8880000)
 Metaspace       used 70158K, capacity 73030K, committed 73112K, reserved 1112064K
  class space    used 9515K, capacity 10114K, committed 10160K, reserved 1048576K
}
Event: 17.662 GC heap before
{Heap before GC invocations=16 (full 3):
 PSYoungGen      total 256512K, used 256505K [0x00000000e0000000, 0x00000000f1b00000, 0x0000000100000000)
  eden space 232448K, 100% used [0x00000000e0000000,0x00000000ee300000,0x00000000ee300000)
  from space 24064K, 99% used [0x00000000efe00000,0x00000000f157e6c0,0x00000000f1580000)
  to   space 27648K, 0% used [0x00000000ee300000,0x00000000ee300000,0x00000000efe00000)
 ParOldGen       total 139776K, used 37648K [0x00000000a0000000, 0x00000000a8880000, 0x00000000e0000000)
  object space 139776K, 26% used [0x00000000a0000000,0x00000000a24c41b8,0x00000000a8880000)
 Metaspace       used 77565K, capacity 80592K, committed 80664K, reserved 1118208K
  class space    used 10428K, capacity 11026K, committed 11056K, reserved 1048576K
Event: 17.702 GC heap after
Heap after GC invocations=16 (full 3):
 PSYoungGen      total 260096K, used 14628K [0x00000000e0000000, 0x00000000f4080000, 0x0000000100000000)
  eden space 232448K, 0% used [0x00000000e0000000,0x00000000e0000000,0x00000000ee300000)
  from space 27648K, 52% used [0x00000000ee300000,0x00000000ef1492a0,0x00000000efe00000)
  to   space 27136K, 0% used [0x00000000f2600000,0x00000000f2600000,0x00000000f4080000)
 ParOldGen       total 139776K, used 58420K [0x00000000a0000000, 0x00000000a8880000, 0x00000000e0000000)
  object space 139776K, 41% used [0x00000000a0000000,0x00000000a390d1a0,0x00000000a8880000)
 Metaspace       used 77565K, capacity 80592K, committed 80664K, reserved 1118208K
  class space    used 10428K, capacity 11026K, committed 11056K, reserved 1048576K
}
Event: 19.951 GC heap before
{Heap before GC invocations=17 (full 3):
 PSYoungGen      total 260096K, used 247076K [0x00000000e0000000, 0x00000000f4080000, 0x0000000100000000)
  eden space 232448K, 100% used [0x00000000e0000000,0x00000000ee300000,0x00000000ee300000)
  from space 27648K, 52% used [0x00000000ee300000,0x00000000ef1492a0,0x00000000efe00000)
  to   space 27136K, 0% used [0x00000000f2600000,0x00000000f2600000,0x00000000f4080000)
 ParOldGen       total 139776K, used 58420K [0x00000000a0000000, 0x00000000a8880000, 0x00000000e0000000)
  object space 139776K, 41% used [0x00000000a0000000,0x00000000a390d1a0,0x00000000a8880000)
 Metaspace       used 85114K, capacity 88498K, committed 88600K, reserved 1126400K
  class space    used 11156K, capacity 11822K, committed 11824K, reserved 1048576K
Event: 20.004 GC heap after
Heap after GC invocations=17 (full 3):
 PSYoungGen      total 295424K, used 27111K [0x00000000e0000000, 0x00000000f4f00000, 0x0000000100000000)
  eden space 268288K, 0% used [0x00000000e0000000,0x00000000e0000000,0x00000000f0600000)
  from space 27136K, 99% used [0x00000000f2600000,0x00000000f4079f90,0x00000000f4080000)
  to   space 32768K, 0% used [0x00000000f0600000,0x00000000f0600000,0x00000000f2600000)
 ParOldGen       total 139776K, used 63277K [0x00000000a0000000, 0x00000000a8880000, 0x00000000e0000000)
  object space 139776K, 45% used [0x00000000a0000000,0x00000000a3dcb498,0x00000000a8880000)
 Metaspace       used 85114K, capacity 88498K, committed 88600K, reserved 1126400K
  class space    used 11156K, capacity 11822K, committed 11824K, reserved 1048576K
}
Event: 21.471 GC heap before
{Heap before GC invocations=18 (full 3):
 PSYoungGen      total 295424K, used 219920K [0x00000000e0000000, 0x00000000f4f00000, 0x0000000100000000)
  eden space 268288K, 71% used [0x00000000e0000000,0x00000000ebc4a220,0x00000000f0600000)
  from space 27136K, 99% used [0x00000000f2600000,0x00000000f4079f90,0x00000000f4080000)
  to   space 32768K, 0% used [0x00000000f0600000,0x00000000f0600000,0x00000000f2600000)
 ParOldGen       total 139776K, used 63277K [0x00000000a0000000, 0x00000000a8880000, 0x00000000e0000000)
  object space 139776K, 45% used [0x00000000a0000000,0x00000000a3dcb498,0x00000000a8880000)
 Metaspace       used 95021K, capacity 98354K, committed 98584K, reserved 1134592K
  class space    used 12314K, capacity 13012K, committed 13104K, reserved 1048576K
Event: 21.535 GC heap after
Heap after GC invocations=18 (full 3):
 PSYoungGen      total 301056K, used 32747K [0x00000000e0000000, 0x00000000fb600000, 0x0000000100000000)
  eden space 268288K, 0% used [0x00000000e0000000,0x00000000e0000000,0x00000000f0600000)
  from space 32768K, 99% used [0x00000000f0600000,0x00000000f25fada8,0x00000000f2600000)
  to   space 58368K, 0% used [0x00000000f7d00000,0x00000000f7d00000,0x00000000fb600000)
 ParOldGen       total 139776K, used 119050K [0x00000000a0000000, 0x00000000a8880000, 0x00000000e0000000)
  object space 139776K, 85% used [0x00000000a0000000,0x00000000a7442ac8,0x00000000a8880000)
 Metaspace       used 95021K, capacity 98354K, committed 98584K, reserved 1134592K
  class space    used 12314K, capacity 13012K, committed 13104K, reserved 1048576K
}
Event: 21.535 GC heap before
{Heap before GC invocations=19 (full 4):
 PSYoungGen      total 301056K, used 32747K [0x00000000e0000000, 0x00000000fb600000, 0x0000000100000000)
  eden space 268288K, 0% used [0x00000000e0000000,0x00000000e0000000,0x00000000f0600000)
  from space 32768K, 99% used [0x00000000f0600000,0x00000000f25fada8,0x00000000f2600000)
  to   space 58368K, 0% used [0x00000000f7d00000,0x00000000f7d00000,0x00000000fb600000)
 ParOldGen       total 139776K, used 119050K [0x00000000a0000000, 0x00000000a8880000, 0x00000000e0000000)
  object space 139776K, 85% used [0x00000000a0000000,0x00000000a7442ac8,0x00000000a8880000)
 Metaspace       used 95021K, capacity 98354K, committed 98584K, reserved 1134592K
  class space    used 12314K, capacity 13012K, committed 13104K, reserved 1048576K

