# JRE version: OpenJDK Runtime Environment (8.0_242) (build 1.8.0_242-release-1644-b3-6222593)
# Java VM: OpenJDK 64-Bit Server VM (25.242-b3-6222593 mixed mode linux-amd64 compressed oops)
Heap:
 PSYoungGen      total 292352K, used 0K [0x00000000e0000000, 0x00000000fcf80000, 0x0000000100000000)
  eden space 228352K, 0% used [0x00000000e0000000,0x00000000e0000000,0x00000000edf00000)
  from space 64000K, 0% used [0x00000000edf00000,0x00000000edf00000,0x00000000f1d80000)
  to   space 89600K, 0% used [0x00000000f7800000,0x00000000f7800000,0x00000000fcf80000)
 ParOldGen       total 148992K, used 147650K [0x00000000a0000000, 0x00000000a9180000, 0x00000000e0000000)
  object space 148992K, 99% used [0x00000000a0000000,0x00000000a9030898,0x00000000a9180000)
 Metaspace       used 91062K, capacity 94016K, committed 94744K, reserved 1132544K
  class space    used 11781K, capacity 12439K, committed 12592K, reserved 1048576K
GC Heap History (10 events):
Event: 8.392 GC heap after
Heap after GC invocations=14 (full 3):
 PSYoungGen      total 201216K, used 18160K [0x00000000e0000000, 0x00000000f0080000, 0x0000000100000000)
  eden space 179200K, 0% used [0x00000000e0000000,0x00000000e0000000,0x00000000eaf00000)
  from space 22016K, 82% used [0x00000000eaf00000,0x00000000ec0bc220,0x00000000ec480000)
  to   space 24064K, 0% used [0x00000000ee900000,0x00000000ee900000,0x00000000f0080000)
 ParOldGen       total 147456K, used 37003K [0x00000000a0000000, 0x00000000a9000000, 0x00000000e0000000)
  object space 147456K, 25% used [0x00000000a0000000,0x00000000a2422c70,0x00000000a9000000)
 Metaspace       used 64016K, capacity 66658K, committed 66968K, reserved 1107968K
  class space    used 8734K, capacity 9286K, committed 9392K, reserved 1048576K
}
Event: 9.684 GC heap before
{Heap before GC invocations=15 (full 3):
 PSYoungGen      total 201216K, used 197360K [0x00000000e0000000, 0x00000000f0080000, 0x0000000100000000)
  eden space 179200K, 100% used [0x00000000e0000000,0x00000000eaf00000,0x00000000eaf00000)
  from space 22016K, 82% used [0x00000000eaf00000,0x00000000ec0bc220,0x00000000ec480000)
  to   space 24064K, 0% used [0x00000000ee900000,0x00000000ee900000,0x00000000f0080000)
 ParOldGen       total 147456K, used 37003K [0x00000000a0000000, 0x00000000a9000000, 0x00000000e0000000)
  object space 147456K, 25% used [0x00000000a0000000,0x00000000a2422c70,0x00000000a9000000)
 Metaspace       used 67350K, capacity 70204K, committed 70424K, reserved 1110016K
  class space    used 9169K, capacity 9755K, committed 9776K, reserved 1048576K
Event: 9.713 GC heap after
Heap after GC invocations=15 (full 3):
 PSYoungGen      total 235008K, used 24043K [0x00000000e0000000, 0x00000000f0880000, 0x0000000100000000)
  eden space 210944K, 0% used [0x00000000e0000000,0x00000000e0000000,0x00000000ece00000)
  from space 24064K, 99% used [0x00000000ee900000,0x00000000f007add8,0x00000000f0080000)
  to   space 27648K, 0% used [0x00000000ece00000,0x00000000ece00000,0x00000000ee900000)
 ParOldGen       total 147456K, used 38190K [0x00000000a0000000, 0x00000000a9000000, 0x00000000e0000000)
  object space 147456K, 25% used [0x00000000a0000000,0x00000000a254b8d0,0x00000000a9000000)
 Metaspace       used 67350K, capacity 70204K, committed 70424K, reserved 1110016K
  class space    used 9169K, capacity 9755K, committed 9776K, reserved 1048576K
}
Event: 11.580 GC heap before
{Heap before GC invocations=16 (full 3):
 PSYoungGen      total 235008K, used 234987K [0x00000000e0000000, 0x00000000f0880000, 0x0000000100000000)
  eden space 210944K, 100% used [0x00000000e0000000,0x00000000ece00000,0x00000000ece00000)
  from space 24064K, 99% used [0x00000000ee900000,0x00000000f007add8,0x00000000f0080000)
  to   space 27648K, 0% used [0x00000000ece00000,0x00000000ece00000,0x00000000ee900000)
 ParOldGen       total 147456K, used 38190K [0x00000000a0000000, 0x00000000a9000000, 0x00000000e0000000)
  object space 147456K, 25% used [0x00000000a0000000,0x00000000a254b8d0,0x00000000a9000000)
 Metaspace       used 76476K, capacity 79590K, committed 79768K, reserved 1118208K
  class space    used 10180K, capacity 10844K, committed 10928K, reserved 1048576K
Event: 11.623 GC heap after
Heap after GC invocations=16 (full 3):
 PSYoungGen      total 238592K, used 27634K [0x00000000e0000000, 0x00000000f4200000, 0x0000000100000000)
  eden space 210944K, 0% used [0x00000000e0000000,0x00000000e0000000,0x00000000ece00000)
  from space 27648K, 99% used [0x00000000ece00000,0x00000000ee8fc808,0x00000000ee900000)
  to   space 37376K, 0% used [0x00000000f1d80000,0x00000000f1d80000,0x00000000f4200000)
 ParOldGen       total 147456K, used 52773K [0x00000000a0000000, 0x00000000a9000000, 0x00000000e0000000)
  object space 147456K, 35% used [0x00000000a0000000,0x00000000a3389740,0x00000000a9000000)
 Metaspace       used 76476K, capacity 79590K, committed 79768K, reserved 1118208K
  class space    used 10180K, capacity 10844K, committed 10928K, reserved 1048576K
}
Event: 13.266 GC heap before
{Heap before GC invocations=17 (full 3):
 PSYoungGen      total 238592K, used 238578K [0x00000000e0000000, 0x00000000f4200000, 0x0000000100000000)
  eden space 210944K, 100% used [0x00000000e0000000,0x00000000ece00000,0x00000000ece00000)
  from space 27648K, 99% used [0x00000000ece00000,0x00000000ee8fc808,0x00000000ee900000)
  to   space 37376K, 0% used [0x00000000f1d80000,0x00000000f1d80000,0x00000000f4200000)
 ParOldGen       total 147456K, used 52773K [0x00000000a0000000, 0x00000000a9000000, 0x00000000e0000000)
  object space 147456K, 35% used [0x00000000a0000000,0x00000000a3389740,0x00000000a9000000)
 Metaspace       used 84461K, capacity 87590K, committed 87832K, reserved 1126400K
  class space    used 11046K, capacity 11740K, committed 11824K, reserved 1048576K
Event: 13.357 GC heap after
Heap after GC invocations=17 (full 3):
 PSYoungGen      total 265728K, used 37371K [0x00000000e0000000, 0x00000000f8000000, 0x0000000100000000)
  eden space 228352K, 0% used [0x00000000e0000000,0x00000000e0000000,0x00000000edf00000)
  from space 37376K, 99% used [0x00000000f1d80000,0x00000000f41fec90,0x00000000f4200000)
  to   space 64000K, 0% used [0x00000000edf00000,0x00000000edf00000,0x00000000f1d80000)
 ParOldGen       total 147456K, used 109024K [0x00000000a0000000, 0x00000000a9000000, 0x00000000e0000000)
  object space 147456K, 73% used [0x00000000a0000000,0x00000000a6a783b8,0x00000000a9000000)
 Metaspace       used 84461K, capacity 87590K, committed 87832K, reserved 1126400K
  class space    used 11046K, capacity 11740K, committed 11824K, reserved 1048576K
}
Event: 14.770 GC heap before
{Heap before GC invocations=18 (full 3):
 PSYoungGen      total 265728K, used 265723K [0x00000000e0000000, 0x00000000f8000000, 0x0000000100000000)
  eden space 228352K, 100% used [0x00000000e0000000,0x00000000edf00000,0x00000000edf00000)
  from space 37376K, 99% used [0x00000000f1d80000,0x00000000f41fec90,0x00000000f4200000)
  to   space 64000K, 0% used [0x00000000edf00000,0x00000000edf00000,0x00000000f1d80000)
 ParOldGen       total 147456K, used 109024K [0x00000000a0000000, 0x00000000a9000000, 0x00000000e0000000)
  object space 147456K, 73% used [0x00000000a0000000,0x00000000a6a783b8,0x00000000a9000000)
 Metaspace       used 91148K, capacity 94272K, committed 94744K, reserved 1132544K
  class space    used 11808K, capacity 12487K, committed 12592K, reserved 1048576K
Event: 14.861 GC heap after
Heap after GC invocations=18 (full 3):
 PSYoungGen      total 292352K, used 63997K [0x00000000e0000000, 0x00000000fcf80000, 0x0000000100000000)
  eden space 228352K, 0% used [0x00000000e0000000,0x00000000e0000000,0x00000000edf00000)
  from space 64000K, 99% used [0x00000000edf00000,0x00000000f1d7f600,0x00000000f1d80000)
  to   space 89600K, 0% used [0x00000000f7800000,0x00000000f7800000,0x00000000fcf80000)
 ParOldGen       total 148992K, used 148882K [0x00000000a0000000, 0x00000000a9180000, 0x00000000e0000000)
  object space 148992K, 99% used [0x00000000a0000000,0x00000000a9164870,0x00000000a9180000)
 Metaspace       used 91148K, capacity 94272K, committed 94744K, reserved 1132544K
  class space    used 11808K, capacity 12487K, committed 12592K, reserved 1048576K
}
Event: 14.861 GC heap before
{Heap before GC invocations=19 (full 4):
 PSYoungGen      total 292352K, used 63997K [0x00000000e0000000, 0x00000000fcf80000, 0x0000000100000000)
  eden space 228352K, 0% used [0x00000000e0000000,0x00000000e0000000,0x00000000edf00000)
  from space 64000K, 99% used [0x00000000edf00000,0x00000000f1d7f600,0x00000000f1d80000)
  to   space 89600K, 0% used [0x00000000f7800000,0x00000000f7800000,0x00000000fcf80000)
 ParOldGen       total 148992K, used 148882K [0x00000000a0000000, 0x00000000a9180000, 0x00000000e0000000)
  object space 148992K, 99% used [0x00000000a0000000,0x00000000a9164870,0x00000000a9180000)
 Metaspace       used 91148K, capacity 94272K, committed 94744K, reserved 1132544K
  class space    used 11808K, capacity 12487K, committed 12592K, reserved 1048576K

