# JRE version: OpenJDK Runtime Environment (8.0_242) (build 1.8.0_242-release-1644-b3-6222593)
# Java VM: OpenJDK 64-Bit Server VM (25.242-b3-6222593 mixed mode linux-amd64 compressed oops)
Heap:
 PSYoungGen      total 301056K, used 0K [0x00000000e0000000, 0x00000000fbf80000, 0x0000000100000000)
  eden space 263680K, 0% used [0x00000000e0000000,0x00000000e0000000,0x00000000f0180000)
  from space 37376K, 0% used [0x00000000f0180000,0x00000000f0180000,0x00000000f2600000)
  to   space 62976K, 0% used [0x00000000f8200000,0x00000000f8200000,0x00000000fbf80000)
 ParOldGen       total 140288K, used 137543K [0x00000000a0000000, 0x00000000a8900000, 0x00000000e0000000)
  object space 140288K, 98% used [0x00000000a0000000,0x00000000a8651ed0,0x00000000a8900000)
 Metaspace       used 94996K, capacity 98258K, committed 98584K, reserved 1134592K
  class space    used 12311K, capacity 13032K, committed 13104K, reserved 1048576K
GC Heap History (10 events):
Event: 8.824 GC heap after
Heap after GC invocations=14 (full 3):
 PSYoungGen      total 209920K, used 18729K [0x00000000e0000000, 0x00000000f0f00000, 0x0000000100000000)
  eden space 187904K, 0% used [0x00000000e0000000,0x00000000e0000000,0x00000000eb780000)
  from space 22016K, 85% used [0x00000000eb780000,0x00000000ec9ca7c0,0x00000000ecd00000)
  to   space 24064K, 0% used [0x00000000ef780000,0x00000000ef780000,0x00000000f0f00000)
 ParOldGen       total 140288K, used 36803K [0x00000000a0000000, 0x00000000a8900000, 0x00000000e0000000)
  object space 140288K, 26% used [0x00000000a0000000,0x00000000a23f0f00,0x00000000a8900000)
 Metaspace       used 64077K, capacity 66632K, committed 66840K, reserved 1107968K
  class space    used 8719K, capacity 9259K, committed 9264K, reserved 1048576K
}
Event: 10.464 GC heap before
{Heap before GC invocations=15 (full 3):
 PSYoungGen      total 209920K, used 206633K [0x00000000e0000000, 0x00000000f0f00000, 0x0000000100000000)
  eden space 187904K, 100% used [0x00000000e0000000,0x00000000eb780000,0x00000000eb780000)
  from space 22016K, 85% used [0x00000000eb780000,0x00000000ec9ca7c0,0x00000000ecd00000)
  to   space 24064K, 0% used [0x00000000ef780000,0x00000000ef780000,0x00000000f0f00000)
 ParOldGen       total 140288K, used 36803K [0x00000000a0000000, 0x00000000a8900000, 0x00000000e0000000)
  object space 140288K, 26% used [0x00000000a0000000,0x00000000a23f0f00,0x00000000a8900000)
 Metaspace       used 70135K, capacity 72988K, committed 73112K, reserved 1112064K
  class space    used 9505K, capacity 10081K, committed 10160K, reserved 1048576K
Event: 10.493 GC heap after
Heap after GC invocations=15 (full 3):
 PSYoungGen      total 249856K, used 24061K [0x00000000e0000000, 0x00000000f1500000, 0x0000000100000000)
  eden space 225792K, 0% used [0x00000000e0000000,0x00000000e0000000,0x00000000edc80000)
  from space 24064K, 99% used [0x00000000ef780000,0x00000000f0eff418,0x00000000f0f00000)
  to   space 27648K, 0% used [0x00000000edc80000,0x00000000edc80000,0x00000000ef780000)
 ParOldGen       total 140288K, used 37276K [0x00000000a0000000, 0x00000000a8900000, 0x00000000e0000000)
  object space 140288K, 26% used [0x00000000a0000000,0x00000000a2467018,0x00000000a8900000)
 Metaspace       used 70135K, capacity 72988K, committed 73112K, reserved 1112064K
  class space    used 9505K, capacity 10081K, committed 10160K, reserved 1048576K
}
Event: 12.904 GC heap before
{Heap before GC invocations=16 (full 3):
 PSYoungGen      total 249856K, used 249853K [0x00000000e0000000, 0x00000000f1500000, 0x0000000100000000)
  eden space 225792K, 100% used [0x00000000e0000000,0x00000000edc80000,0x00000000edc80000)
  from space 24064K, 99% used [0x00000000ef780000,0x00000000f0eff418,0x00000000f0f00000)
  to   space 27648K, 0% used [0x00000000edc80000,0x00000000edc80000,0x00000000ef780000)
 ParOldGen       total 140288K, used 37276K [0x00000000a0000000, 0x00000000a8900000, 0x00000000e0000000)
  object space 140288K, 26% used [0x00000000a0000000,0x00000000a2467018,0x00000000a8900000)
 Metaspace       used 76016K, capacity 78950K, committed 79256K, reserved 1118208K
  class space    used 10217K, capacity 10830K, committed 10928K, reserved 1048576K
Event: 12.935 GC heap after
Heap after GC invocations=16 (full 3):
 PSYoungGen      total 253440K, used 21594K [0x00000000e0000000, 0x00000000f4300000, 0x0000000100000000)
  eden space 225792K, 0% used [0x00000000e0000000,0x00000000e0000000,0x00000000edc80000)
  from space 27648K, 78% used [0x00000000edc80000,0x00000000ef196b08,0x00000000ef780000)
  to   space 29696K, 0% used [0x00000000f2600000,0x00000000f2600000,0x00000000f4300000)
 ParOldGen       total 140288K, used 50335K [0x00000000a0000000, 0x00000000a8900000, 0x00000000e0000000)
  object space 140288K, 35% used [0x00000000a0000000,0x00000000a3127c30,0x00000000a8900000)
 Metaspace       used 76016K, capacity 78950K, committed 79256K, reserved 1118208K
  class space    used 10217K, capacity 10830K, committed 10928K, reserved 1048576K
}
Event: 15.955 GC heap before
{Heap before GC invocations=17 (full 3):
 PSYoungGen      total 253440K, used 247386K [0x00000000e0000000, 0x00000000f4300000, 0x0000000100000000)
  eden space 225792K, 100% used [0x00000000e0000000,0x00000000edc80000,0x00000000edc80000)
  from space 27648K, 78% used [0x00000000edc80000,0x00000000ef196b08,0x00000000ef780000)
  to   space 29696K, 0% used [0x00000000f2600000,0x00000000f2600000,0x00000000f4300000)
 ParOldGen       total 140288K, used 50335K [0x00000000a0000000, 0x00000000a8900000, 0x00000000e0000000)
  object space 140288K, 35% used [0x00000000a0000000,0x00000000a3127c30,0x00000000a8900000)
 Metaspace       used 84483K, capacity 87724K, committed 87832K, reserved 1126400K
  class space    used 11100K, capacity 11769K, committed 11824K, reserved 1048576K
Event: 15.998 GC heap after
Heap after GC invocations=17 (full 3):
 PSYoungGen      total 293376K, used 29674K [0x00000000e0000000, 0x00000000f5080000, 0x0000000100000000)
  eden space 263680K, 0% used [0x00000000e0000000,0x00000000e0000000,0x00000000f0180000)
  from space 29696K, 99% used [0x00000000f2600000,0x00000000f42faa50,0x00000000f4300000)
  to   space 37376K, 0% used [0x00000000f0180000,0x00000000f0180000,0x00000000f2600000)
 ParOldGen       total 140288K, used 59831K [0x00000000a0000000, 0x00000000a8900000, 0x00000000e0000000)
  object space 140288K, 42% used [0x00000000a0000000,0x00000000a3a6dea0,0x00000000a8900000)
 Metaspace       used 84483K, capacity 87724K, committed 87832K, reserved 1126400K
  class space    used 11100K, capacity 11769K, committed 11824K, reserved 1048576K
}
Event: 17.575 GC heap before
{Heap before GC invocations=18 (full 3):
 PSYoungGen      total 293376K, used 227828K [0x00000000e0000000, 0x00000000f5080000, 0x0000000100000000)
  eden space 263680K, 75% used [0x00000000e0000000,0x00000000ec182808,0x00000000f0180000)
  from space 29696K, 99% used [0x00000000f2600000,0x00000000f42faa50,0x00000000f4300000)
  to   space 37376K, 0% used [0x00000000f0180000,0x00000000f0180000,0x00000000f2600000)
 ParOldGen       total 140288K, used 59831K [0x00000000a0000000, 0x00000000a8900000, 0x00000000e0000000)
  object space 140288K, 42% used [0x00000000a0000000,0x00000000a3a6dea0,0x00000000a8900000)
 Metaspace       used 95041K, capacity 98382K, committed 98584K, reserved 1134592K
  class space    used 12325K, capacity 13056K, committed 13104K, reserved 1048576K
Event: 17.667 GC heap after
Heap after GC invocations=18 (full 3):
 PSYoungGen      total 301056K, used 37353K [0x00000000e0000000, 0x00000000fbf80000, 0x0000000100000000)
  eden space 263680K, 0% used [0x00000000e0000000,0x00000000e0000000,0x00000000f0180000)
  from space 37376K, 99% used [0x00000000f0180000,0x00000000f25fa788,0x00000000f2600000)
  to   space 62976K, 0% used [0x00000000f8200000,0x00000000f8200000,0x00000000fbf80000)
 ParOldGen       total 140288K, used 113718K [0x00000000a0000000, 0x00000000a8900000, 0x00000000e0000000)
  object space 140288K, 81% used [0x00000000a0000000,0x00000000a6f0dae8,0x00000000a8900000)
 Metaspace       used 95041K, capacity 98382K, committed 98584K, reserved 1134592K
  class space    used 12325K, capacity 13056K, committed 13104K, reserved 1048576K
}
Event: 17.667 GC heap before
{Heap before GC invocations=19 (full 4):
 PSYoungGen      total 301056K, used 37353K [0x00000000e0000000, 0x00000000fbf80000, 0x0000000100000000)
  eden space 263680K, 0% used [0x00000000e0000000,0x00000000e0000000,0x00000000f0180000)
  from space 37376K, 99% used [0x00000000f0180000,0x00000000f25fa788,0x00000000f2600000)
  to   space 62976K, 0% used [0x00000000f8200000,0x00000000f8200000,0x00000000fbf80000)
 ParOldGen       total 140288K, used 113718K [0x00000000a0000000, 0x00000000a8900000, 0x00000000e0000000)
  object space 140288K, 81% used [0x00000000a0000000,0x00000000a6f0dae8,0x00000000a8900000)
 Metaspace       used 95041K, capacity 98382K, committed 98584K, reserved 1134592K
  class space    used 12325K, capacity 13056K, committed 13104K, reserved 1048576K

